Build started 2017/5/16 15:57:54.
     1>Project "C:\Users\zyf\Desktop\TSGF\TSGF\TSGF.vcxproj" on node 2 (Rebuild target(s)).
     1>C:\Program Files (x86)\MSBuild\Microsoft.Cpp\v4.0\V120\Microsoft.CppBuild.targets(364,5): warning MSB8004: Output Directory does not end with a trailing slash.  This build instance will add the slash as it is required to allow proper evaluation of the Output Directory.
     1>ClCompile:
         C:\Program Files (x86)\Microsoft Visual Studio 12.0\VC\bin\x86_amd64\CL.exe /c /I..\dependency /Zi /nologo /W1 /WX- /O2 /D X64 /D _X64 /Gm- /EHsc /MD /GS /fp:precise /Zc:wchar_t /Zc:forScope /Fo"x64\Debug\\" /Fd"x64\Debug\vc120.pdb" /Gd /TP /errorReport:prompt DSMFilter.cpp SlopeFilter.cpp stdafx.cpp TSGF.cpp
         DSMFilter.cpp
         Automatically linking with package_gdal_x64.lib
         Automatically linking with package_gdal_x64.lib
         Automatically linking with package_gdal_x64.lib
         Automatically linking with package_gdal_x64.lib
         Automatically linking width PixelLabSGO_x64.lib
         Automatically linking width PixelLabSpeckleChecker_x64.lib
         SlopeFilter.cpp
         Automatically linking width PixelLabDem_x64.lib
         Automatically linking with package_gdal_x64.lib
         Automatically linking with package_gdal_x64.lib
         Automatically linking with package_gdal_x64.lib
         Automatically linking with package_gdal_x64.lib
         Automatically linking width PixelLabSGO_x64.lib
         Automatically linking width PixelLabSpeckleChecker_x64.lib
         Automatically linking width PixelLabSegmentation_x64.lib
         stdafx.cpp
         TSGF.cpp
         Automatically linking width PixelLabDem_x64.lib
         Generating Code...
       Link:
         C:\Program Files (x86)\Microsoft Visual Studio 12.0\VC\bin\x86_amd64\link.exe /ERRORREPORT:PROMPT /OUT:"..\Bin64\TSGF.exe" /NOLOGO /LIBPATH:..\dependency kernel32.lib user32.lib gdi32.lib winspool.lib comdlg32.lib advapi32.lib shell32.lib ole32.lib oleaut32.lib uuid.lib odbc32.lib odbccp32.lib /MANIFEST /MANIFESTUAC:"level='asInvoker' uiAccess='false'" /manifest:embed /PDB:"..\Bin64\TSGF.pdb" /TLBID:1 /DYNAMICBASE /NXCOMPAT /IMPLIB:"..\Bin64\TSGF.lib" /MACHINE:X64 x64\Debug\DSMFilter.obj
         x64\Debug\SlopeFilter.obj
         x64\Debug\stdafx.obj
         x64\Debug\TSGF.obj
         TSGF.vcxproj -> C:\Users\zyf\Desktop\TSGF\TSGF\..\Bin64\TSGF.exe
     1>Done Building Project "C:\Users\zyf\Desktop\TSGF\TSGF\TSGF.vcxproj" (Rebuild target(s)).

Build succeeded.

Time Elapsed 00:00:01.51
